Dec 14, 2013 9:39:43 AM oracle.mds
NOTIFICATION: PManager instance is created without multitenancy support as JVM flag "oracle.multitenant.enabled" is not set to enable multitenancy support.
Dec 14, 2013 9:39:44 AM oracle.security.jps.internal.config.xml.XmlConfigurationFactory initDefaultConfiguration
SEVERE: java.io.FileNotFoundException: .\config\jps-config.xml (The system cannot find the path specified)
Dec 14, 2013 9:39:44 AM oracle.mds
NOTIFICATION: Auditing is disabled for component MDS.
Dec 14, 2013 9:39:44 AM oracle.fabric.common.wsdl.SchemaManager isIncrementalBuildSupported
INFO: XMLSchema incremental build enabled.
Dec 14, 2013 9:39:45 AM com.collaxa.cube.CubeLogger info
INFO: validating "HelloManager.bpel" ...
Dec 14, 2013 9:39:45 AM oracle.integration.platform.blocks.FabricConfigManager <clinit>
WARNING: JRF is unable to determine the current application server platform.
Dec 14, 2013 9:39:45 AM oracle.integration.platform.blocks.WLSPlatformConfigurationProvider <clinit>
WARNING: JRF is unable to determine the current application server platform.
Dec 14, 2013 9:39:45 AM com.collaxa.cube.CubeLogger info
INFO: Composed "HelloManager" in 106.7 milliseconds [nodes 9=0+9, 84.3 nodes/sec]
Dec 14, 2013 9:39:47 AM com.collaxa.cube.CubeLogger info
INFO: Compiled "HelloManager" in 2.272 seconds
Dec 14, 2013 9:39:47 AM com.collaxa.cube.CubeLogger info
INFO: Gathered 3 files in 1.2 milliseconds

Dec 14, 2013 9:39:47 AM com.collaxa.cube.CubeLogger info
INFO: Packaged "HelloManager" in 12.2 milliseconds

